#
# A fatal error has been detected by the Java Runtime Environment:
#
#  EXCEPTION_ACCESS_VIOLATION (0xc0000005) at pc=0x00007ff89f1c4f69, pid=13668, tid=0x00000000000039c8
#
# JRE version: Java(TM) SE Runtime Environment (8.0_211-b12) (build 1.8.0_211-b12)
# Java VM: Java HotSpot(TM) 64-Bit Server VM (25.211-b12 mixed mode windows-amd64 compressed oops)
# Problematic frame:
# C  [KERNELBASE.dll+0x34f69]
#
# Failed to write core dump. Minidumps are not enabled by default on client versions of Windows
#
# If you would like to submit a bug report, please visit:
#   http://bugreport.java.com/bugreport/crash.jsp
# The crash happened outside the Java Virtual Machine in native code.
# See problematic frame for where to report the bug.
#

---------------  T H R E A D  ---------------

Current thread (0x000000001a8b7800):  JavaThread "SwingWorker-pool-1-thread-1" daemon [_thread_in_native, id=14792, stack(0x0000000000b70000,0x0000000000c70000)]

siginfo: ExceptionCode=0xc0000005, reading address 0x0000000032392b04

Registers:
RAX=0x00000000000003ff, RBX=0x0000000000c6ddb0, RCX=0x000000001fd0d380, RDX=0x00007ff8a808fe5e
RSP=0x0000000000c6b750, RBP=0x0000000000c6be10, RSI=0x0000000000000000, RDI=0x0000000000c6c5b0
R8 =0x0000000000000201, R9 =0x000000002023f060, R10=0x00007ff8a1a5a46c, R11=0x000000000000bc6a
R12=0x0000000000c6cbc8, R13=0x00007ff84f4d9a38, R14=0x0000000000c6b898, R15=0x0000000000000000
RIP=0x00007ff89f1c4f69, EFLAGS=0x0000000000000206

Top of Stack: (sp=0x0000000000c6b750)
0x0000000000c6b750:   0000000000000000 0000000000c6ddb0
0x0000000000c6b760:   0000000000000000 00007ff89f1d986b
0x0000000000c6b770:   00000000c0000005 0000000000000000
0x0000000000c6b780:   00007ff89f1c4f69 0000000000000002
0x0000000000c6b790:   0000000000000000 0000000032392b04
0x0000000000c6b7a0:   000000000000000a 000000001b5d2250
0x0000000000c6b7b0:   0000fe85a92448a1 0000000000c6c5b0
0x0000000000c6b7c0:   0000000000000000 00007ff89a4846a4
0x0000000000c6b7d0:   0000000000000000 0000000000c6ddb0
0x0000000000c6b7e0:   0000000000000000 0000000000000000
0x0000000000c6b7f0:   0000000000c6c5b0 00007ff89a4846c1
0x0000000000c6b800:   0000000000c6ddb0 0000000000000000
0x0000000000c6b810:   00006e59d7d2b8d1 0000000000000000
0x0000000000c6b820:   0000000000c6ddb0 00007ff89a482a10
0x0000000000c6b830:   00007ff84f4a42bc 0000000000c6cbc8
0x0000000000c6b840:   0000000000000100 0000000027229e88 

Instructions: (pc=0x00007ff89f1c4f69)
0x00007ff89f1c4f49:   8b d1 44 0f 47 c0 44 89 44 24 38 49 c1 e0 03 e8
0x00007ff89f1c4f59:   9a d5 05 00 48 8d 4c 24 20 48 ff 15 0f 9f 18 00
0x00007ff89f1c4f69:   0f 1f 44 00 00 48 8b 8c 24 c0 00 00 00 48 33 cc
0x00007ff89f1c4f79:   e8 c2 96 05 00 48 81 c4 d8 00 00 00 c3 cc 83 64 


Register to memory mapping:

RAX=0x00000000000003ff is an unknown value
RBX=0x0000000000c6ddb0 is pointing into the stack for thread: 0x000000001a8b7800
RCX=0x000000001fd0d380 is an unknown value
RDX=0x00007ff8a808fe5e is an unknown value
RSP=0x0000000000c6b750 is pointing into the stack for thread: 0x000000001a8b7800
RBP=0x0000000000c6be10 is pointing into the stack for thread: 0x000000001a8b7800
RSI=0x0000000000000000 is an unknown value
RDI=0x0000000000c6c5b0 is pointing into the stack for thread: 0x000000001a8b7800
R8 =0x0000000000000201 is an unknown value
R9 =0x000000002023f060 is an unknown value
R10=0x00007ff8a1a5a46c is an unknown value
R11=0x000000000000bc6a is an unknown value
R12=0x0000000000c6cbc8 is pointing into the stack for thread: 0x000000001a8b7800
R13=0x00007ff84f4d9a38 is an unknown value
R14=0x0000000000c6b898 is pointing into the stack for thread: 0x000000001a8b7800
R15=0x0000000000000000 is an unknown value


Stack: [0x0000000000b70000,0x0000000000c70000],  sp=0x0000000000c6b750,  free space=1005k
Native frames: (J=compiled Java code, j=interpreted, Vv=VM code, C=native code)
C  [KERNELBASE.dll+0x34f69]
C  [vcruntime140.dll+0x2a10]
C  [ntdll.dll+0xa1456]
C  [opencv_core343.dll+0x1786e6]
C  [opencv_objdetect343.dll+0xf86b]
C  [opencv_objdetect343.dll+0xdfaa]
C  [opencv_objdetect343.dll+0xe5c4]
C  [opencv_objdetect343.dll+0xdb8c]
C  [jniopencv_objdetect.dll+0x1bcf3]
C  0x000000000344e729

Java frames: (J=compiled Java code, j=interpreted, Vv=VM code)
J 3402  org.bytedeco.javacpp.opencv_objdetect$CascadeClassifier.detectMultiScale(Lorg/bytedeco/javacpp/opencv_core$Mat;Lorg/bytedeco/javacpp/opencv_core$RectVector;)V (0 bytes) @ 0x000000000344e6a3 [0x000000000344e640+0x63]
j  com.gui.Main$16.doInBackground()Ljava/lang/Object;+278
j  javax.swing.SwingWorker$1.call()Ljava/lang/Object;+14
j  java.util.concurrent.FutureTask.run()V+42
j  javax.swing.SwingWorker.run()V+4
j  java.util.concurrent.ThreadPoolExecutor.runWorker(Ljava/util/concurrent/ThreadPoolExecutor$Worker;)V+95
j  java.util.concurrent.ThreadPoolExecutor$Worker.run()V+5
j  java.lang.Thread.run()V+11
v  ~StubRoutines::call_stub

---------------  P R O C E S S  ---------------

Java Threads: ( => current thread )
  0x000000001a8b4800 JavaThread "Swing-Shell" daemon [_thread_blocked, id=14740, stack(0x0000000021870000,0x0000000021970000)]
  0x000000001a8b3000 JavaThread "Java Sound Event Dispatcher" daemon [_thread_blocked, id=17072, stack(0x000000002f800000,0x000000002f900000)]
=>0x000000001a8b7800 JavaThread "SwingWorker-pool-1-thread-1" daemon [_thread_in_native, id=14792, stack(0x0000000000b70000,0x0000000000c70000)]
  0x000000001a8b6800 JavaThread "JavaCPP Deallocator" daemon [_thread_blocked, id=14368, stack(0x000000001e0d0000,0x000000001e1d0000)]
  0x000000001ac26800 JavaThread "MySQL Statement Cancellation Timer" daemon [_thread_blocked, id=9224, stack(0x000000001ddd0000,0x000000001ded0000)]
  0x000000001aa71800 JavaThread "TimerQueue" daemon [_thread_blocked, id=12264, stack(0x000000001b470000,0x000000001b570000)]
  0x0000000002944800 JavaThread "DestroyJavaVM" [_thread_blocked, id=11244, stack(0x0000000002840000,0x0000000002940000)]
  0x000000001a974800 JavaThread "AWT-EventQueue-0" [_thread_in_native, id=12280, stack(0x000000001b370000,0x000000001b470000)]
  0x000000001a972800 JavaThread "AWT-Windows" daemon [_thread_in_native, id=10936, stack(0x000000001b170000,0x000000001b270000)]
  0x000000001a96f800 JavaThread "AWT-Shutdown" [_thread_blocked, id=11448, stack(0x000000001b070000,0x000000001b170000)]
  0x000000001a96f000 JavaThread "Java2D Disposer" daemon [_thread_blocked, id=10288, stack(0x000000001af70000,0x000000001b070000)]
  0x0000000019805000 JavaThread "Service Thread" daemon [_thread_blocked, id=11216, stack(0x000000001a430000,0x000000001a530000)]
  0x00000000197c7800 JavaThread "C1 CompilerThread3" daemon [_thread_blocked, id=11260, stack(0x000000001a330000,0x000000001a430000)]
  0x000000001978d000 JavaThread "C2 CompilerThread2" daemon [_thread_blocked, id=11156, stack(0x000000001a230000,0x000000001a330000)]
  0x000000001976f800 JavaThread "C2 CompilerThread1" daemon [_thread_blocked, id=11248, stack(0x000000001a130000,0x000000001a230000)]
  0x000000001976d800 JavaThread "C2 CompilerThread0" daemon [_thread_blocked, id=10812, stack(0x000000001a030000,0x000000001a130000)]
  0x000000001976b800 JavaThread "Attach Listener" daemon [_thread_blocked, id=10724, stack(0x0000000019f30000,0x000000001a030000)]
  0x0000000017969800 JavaThread "Signal Dispatcher" daemon [_thread_blocked, id=11464, stack(0x0000000019e30000,0x0000000019f30000)]
  0x0000000002a3b000 JavaThread "Finalizer" daemon [_thread_blocked, id=10488, stack(0x0000000019c30000,0x0000000019d30000)]
  0x0000000019750800 JavaThread "Reference Handler" daemon [_thread_blocked, id=11164, stack(0x0000000019b30000,0x0000000019c30000)]

Other Threads:
  0x0000000017959800 VMThread [stack: 0x0000000019630000,0x0000000019730000] [id=10516]
  0x000000001980f000 WatcherThread [stack: 0x000000001a530000,0x000000001a630000] [id=9032]

VM state:not at safepoint (normal execution)

VM Mutex/Monitor currently owned by a thread: None

heap address: 0x0000000082200000, size: 2014 MB, Compressed Oops mode: 32-bit
Narrow klass base: 0x0000000000000000, Narrow klass shift: 3
Compressed class space size: 1073741824 Address: 0x0000000100000000

Heap:
 PSYoungGen      total 48640K, used 31376K [0x00000000d6100000, 0x00000000d9c80000, 0x0000000100000000)
  eden space 37376K, 66% used [0x00000000d6100000,0x00000000d7935228,0x00000000d8580000)
  from space 11264K, 58% used [0x00000000d9180000,0x00000000d97ef060,0x00000000d9c80000)
  to   space 11776K, 0% used [0x00000000d8580000,0x00000000d8580000,0x00000000d9100000)
 ParOldGen       total 67072K, used 29126K [0x0000000082200000, 0x0000000086380000, 0x00000000d6100000)
  object space 67072K, 43% used [0x0000000082200000,0x0000000083e71918,0x0000000086380000)
 Metaspace       used 24880K, capacity 25202K, committed 25648K, reserved 1071104K
  class space    used 2942K, capacity 3029K, committed 3120K, reserved 1048576K

Card table byte_map: [0x0000000011e00000,0x00000000121f0000] byte_map_base: 0x00000000119ef000

Marking Bits: (ParMarkBitMap*) 0x0000000060965ce0
 Begin Bits: [0x0000000012c90000, 0x0000000014c08000)
 End Bits:   [0x0000000014c08000, 0x0000000016b80000)

Polling page: 0x0000000000970000

CodeCache: size=245760Kb used=11848Kb max_used=11863Kb free=233911Kb
 bounds [0x0000000002a40000, 0x00000000035f0000, 0x0000000011a40000]
 total_blobs=4196 nmethods=3455 adapters=651
 compilation: enabled

Compilation events (10 events):
Event: 342.516 Thread 0x00000000197c7800 4007       3       java.awt.Component::getInputContext (16 bytes)
Event: 342.516 Thread 0x00000000197c7800 nmethod 4007 0x00000000035d6890 code [0x00000000035d6a00, 0x00000000035d6c68]
Event: 342.642 Thread 0x000000001976f800 4008  s    4       java.awt.Toolkit::getDefaultToolkit (24 bytes)
Event: 342.644 Thread 0x000000001976f800 nmethod 4008 0x00000000035dc590 code [0x00000000035dc6e0, 0x00000000035dc918]
Event: 343.243 Thread 0x000000001976d800 4009 %     4       java.lang.String::split @ 125 (326 bytes)
Event: 343.306 Thread 0x000000001976d800 nmethod 4009% 0x00000000035e4210 code [0x00000000035e4460, 0x00000000035e6198]
Event: 343.438 Thread 0x000000001978d000 4010       4       javacvtesting.SingleImagePoints::getDistance (91 bytes)
Event: 343.441 Thread 0x000000001978d000 nmethod 4010 0x00000000035dbe90 code [0x00000000035dc040, 0x00000000035dc2b0]
Event: 344.433 Thread 0x000000001976f800 4011       4       java.awt.KeyboardFocusManager::getCurrentKeyboardFocusManager (7 bytes)
Event: 344.436 Thread 0x000000001976f800 nmethod 4011 0x00000000035e2050 code [0x00000000035e21c0, 0x00000000035e2588]

GC Heap History (10 events):
Event: 332.334 GC heap before
{Heap before GC invocations=25 (full 1):
 PSYoungGen      total 47616K, used 46874K [0x00000000d6100000, 0x00000000da300000, 0x0000000100000000)
  eden space 41984K, 99% used [0x00000000d6100000,0x00000000d89a5f10,0x00000000d8a00000)
  from space 5632K, 93% used [0x00000000d8b00000,0x00000000d9020900,0x00000000d9080000)
  to   space 12800K, 0% used [0x00000000d9680000,0x00000000d9680000,0x00000000da300000)
 ParOldGen       total 67072K, used 28188K [0x0000000082200000, 0x0000000086380000, 0x00000000d6100000)
  object space 67072K, 42% used [0x0000000082200000,0x0000000083d87108,0x0000000086380000)
 Metaspace       used 24478K, capacity 24754K, committed 25008K, reserved 1071104K
  class space    used 2894K, capacity 2965K, committed 2992K, reserved 1048576K
Event: 332.336 GC heap after
Heap after GC invocations=25 (full 1):
 PSYoungGen      total 51712K, used 5154K [0x00000000d6100000, 0x00000000da100000, 0x0000000100000000)
  eden space 40960K, 0% used [0x00000000d6100000,0x00000000d6100000,0x00000000d8900000)
  from space 10752K, 47% used [0x00000000d9680000,0x00000000d9b88900,0x00000000da100000)
  to   space 12288K, 0% used [0x00000000d8900000,0x00000000d8900000,0x00000000d9500000)
 ParOldGen       total 67072K, used 28188K [0x0000000082200000, 0x0000000086380000, 0x00000000d6100000)
  object space 67072K, 42% used [0x0000000082200000,0x0000000083d87108,0x0000000086380000)
 Metaspace       used 24478K, capacity 24754K, committed 25008K, reserved 1071104K
  class space    used 2894K, capacity 2965K, committed 2992K, reserved 1048576K
}
Event: 336.578 GC heap before
{Heap before GC invocations=26 (full 1):
 PSYoungGen      total 51712K, used 46114K [0x00000000d6100000, 0x00000000da100000, 0x0000000100000000)
  eden space 40960K, 100% used [0x00000000d6100000,0x00000000d8900000,0x00000000d8900000)
  from space 10752K, 47% used [0x00000000d9680000,0x00000000d9b88900,0x00000000da100000)
  to   space 12288K, 0% used [0x00000000d8900000,0x00000000d8900000,0x00000000d9500000)
 ParOldGen       total 67072K, used 28188K [0x0000000082200000, 0x0000000086380000, 0x00000000d6100000)
  object space 67072K, 42% used [0x0000000082200000,0x0000000083d87108,0x0000000086380000)
 Metaspace       used 24491K, capacity 24754K, committed 25008K, reserved 1071104K
  class space    used 2894K, capacity 2965K, committed 2992K, reserved 1048576K
Event: 336.582 GC heap after
Heap after GC invocations=26 (full 1):
 PSYoungGen      total 42496K, used 2112K [0x00000000d6100000, 0x00000000d9f00000, 0x0000000100000000)
  eden space 39936K, 0% used [0x00000000d6100000,0x00000000d6100000,0x00000000d8800000)
  from space 2560K, 82% used [0x00000000d8900000,0x00000000d8b10300,0x00000000d8b80000)
  to   space 11776K, 0% used [0x00000000d9380000,0x00000000d9380000,0x00000000d9f00000)
 ParOldGen       total 67072K, used 28196K [0x0000000082200000, 0x0000000086380000, 0x00000000d6100000)
  object space 67072K, 42% used [0x0000000082200000,0x0000000083d89108,0x0000000086380000)
 Metaspace       used 24491K, capacity 24754K, committed 25008K, reserved 1071104K
  class space    used 2894K, capacity 2965K, committed 2992K, reserved 1048576K
}
Event: 340.787 GC heap before
{Heap before GC invocations=27 (full 1):
 PSYoungGen      total 42496K, used 41831K [0x00000000d6100000, 0x00000000d9f00000, 0x0000000100000000)
  eden space 39936K, 99% used [0x00000000d6100000,0x00000000d87c9990,0x00000000d8800000)
  from space 2560K, 82% used [0x00000000d8900000,0x00000000d8b10300,0x00000000d8b80000)
  to   space 11776K, 0% used [0x00000000d9380000,0x00000000d9380000,0x00000000d9f00000)
 ParOldGen       total 67072K, used 28196K [0x0000000082200000, 0x0000000086380000, 0x00000000d6100000)
  object space 67072K, 42% used [0x0000000082200000,0x0000000083d89108,0x0000000086380000)
 Metaspace       used 24492K, capacity 24754K, committed 25008K, reserved 1071104K
  class space    used 2894K, capacity 2965K, committed 2992K, reserved 1048576K
Event: 340.789 GC heap after
Heap after GC invocations=27 (full 1):
 PSYoungGen      total 48640K, used 3052K [0x00000000d6100000, 0x00000000d9d00000, 0x0000000100000000)
  eden space 38912K, 0% used [0x00000000d6100000,0x00000000d6100000,0x00000000d8700000)
  from space 9728K, 31% used [0x00000000d9380000,0x00000000d967b030,0x00000000d9d00000)
  to   space 11264K, 0% used [0x00000000d8700000,0x00000000d8700000,0x00000000d9200000)
 ParOldGen       total 67072K, used 29070K [0x0000000082200000, 0x0000000086380000, 0x00000000d6100000)
  object space 67072K, 43% used [0x0000000082200000,0x0000000083e63918,0x0000000086380000)
 Metaspace       used 24492K, capacity 24754K, committed 25008K, reserved 1071104K
  class space    used 2894K, capacity 2965K, committed 2992K, reserved 1048576K
}
Event: 341.539 GC heap before
{Heap before GC invocations=28 (full 1):
 PSYoungGen      total 48640K, used 41964K [0x00000000d6100000, 0x00000000d9d00000, 0x0000000100000000)
  eden space 38912K, 100% used [0x00000000d6100000,0x00000000d8700000,0x00000000d8700000)
  from space 9728K, 31% used [0x00000000d9380000,0x00000000d967b030,0x00000000d9d00000)
  to   space 11264K, 0% used [0x00000000d8700000,0x00000000d8700000,0x00000000d9200000)
 ParOldGen       total 67072K, used 29070K [0x0000000082200000, 0x0000000086380000, 0x00000000d6100000)
  object space 67072K, 43% used [0x0000000082200000,0x0000000083e63918,0x0000000086380000)
 Metaspace       used 24873K, capacity 25202K, committed 25648K, reserved 1071104K
  class space    used 2942K, capacity 3029K, committed 3120K, reserved 1048576K
Event: 341.546 GC heap after
Heap after GC invocations=28 (full 1):
 PSYoungGen      total 44544K, used 6472K [0x00000000d6100000, 0x00000000d9d00000, 0x0000000100000000)
  eden space 37888K, 0% used [0x00000000d6100000,0x00000000d6100000,0x00000000d8600000)
  from space 6656K, 97% used [0x00000000d8700000,0x00000000d8d52040,0x00000000d8d80000)
  to   space 11776K, 0% used [0x00000000d9180000,0x00000000d9180000,0x00000000d9d00000)
 ParOldGen       total 67072K, used 29078K [0x0000000082200000, 0x0000000086380000, 0x00000000d6100000)
  object space 67072K, 43% used [0x0000000082200000,0x0000000083e65918,0x0000000086380000)
 Metaspace       used 24873K, capacity 25202K, committed 25648K, reserved 1071104K
  class space    used 2942K, capacity 3029K, committed 3120K, reserved 1048576K
}
Event: 343.006 GC heap before
{Heap before GC invocations=29 (full 1):
 PSYoungGen      total 44544K, used 44311K [0x00000000d6100000, 0x00000000d9d00000, 0x0000000100000000)
  eden space 37888K, 99% used [0x00000000d6100000,0x00000000d85f3de0,0x00000000d8600000)
  from space 6656K, 97% used [0x00000000d8700000,0x00000000d8d52040,0x00000000d8d80000)
  to   space 11776K, 0% used [0x00000000d9180000,0x00000000d9180000,0x00000000d9d00000)
 ParOldGen       total 67072K, used 29078K [0x0000000082200000, 0x0000000086380000, 0x00000000d6100000)
  object space 67072K, 43% used [0x0000000082200000,0x0000000083e65918,0x0000000086380000)
 Metaspace       used 24880K, capacity 25202K, committed 25648K, reserved 1071104K
  class space    used 2942K, capacity 3029K, committed 3120K, reserved 1048576K
Event: 343.009 GC heap after
Heap after GC invocations=29 (full 1):
 PSYoungGen      total 48640K, used 6588K [0x00000000d6100000, 0x00000000d9c80000, 0x0000000100000000)
  eden space 37376K, 0% used [0x00000000d6100000,0x00000000d6100000,0x00000000d8580000)
  from space 11264K, 58% used [0x00000000d9180000,0x00000000d97ef060,0x00000000d9c80000)
  to   space 11776K, 0% used [0x00000000d8580000,0x00000000d8580000,0x00000000d9100000)
 ParOldGen       total 67072K, used 29126K [0x0000000082200000, 0x0000000086380000, 0x00000000d6100000)
  object space 67072K, 43% used [0x0000000082200000,0x0000000083e71918,0x0000000086380000)
 Metaspace       used 24880K, capacity 25202K, committed 25648K, reserved 1071104K
  class space    used 2942K, capacity 3029K, committed 3120K, reserved 1048576K
}

Deoptimization events (10 events):
Event: 315.351 Thread 0x000000001a974800 Uncommon trap: reason=speculate_class_check action=maybe_recompile pc=0x0000000003545800 method=java.awt.Container.findComponentAt(IIZ)Ljava/awt/Component; @ 9
Event: 315.539 Thread 0x000000001a974800 Uncommon trap: reason=speculate_class_check action=maybe_recompile pc=0x0000000003549d38 method=java.awt.Container.findComponentAt(IIZ)Ljava/awt/Component; @ 9
Event: 315.540 Thread 0x000000001a974800 Uncommon trap: reason=speculate_class_check action=maybe_recompile pc=0x0000000003549d38 method=java.awt.Container.findComponentAt(IIZ)Ljava/awt/Component; @ 9
Event: 326.200 Thread 0x000000001a974800 Uncommon trap: reason=class_check action=maybe_recompile pc=0x000000000342e23c method=sun.awt.SunToolkit.getContainingWindow(Ljava/awt/Component;)Ljava/awt/Window; @ 20
Event: 327.667 Thread 0x000000001a974800 Uncommon trap: reason=unstable_if action=reinterpret pc=0x0000000003158090 method=java.awt.Container.findComponentAtImpl(IIZ)Ljava/awt/Component; @ 24
Event: 329.344 Thread 0x000000001a974800 Uncommon trap: reason=class_check action=maybe_recompile pc=0x000000000342e23c method=sun.awt.SunToolkit.getContainingWindow(Ljava/awt/Component;)Ljava/awt/Window; @ 20
Event: 332.905 Thread 0x000000001a974800 Uncommon trap: reason=unstable_if action=reinterpret pc=0x0000000003392b34 method=java.util.concurrent.LinkedBlockingQueue.offer(Ljava/lang/Object;)Z @ 113
Event: 332.906 Thread 0x000000001a974800 Uncommon trap: reason=unstable_if action=reinterpret pc=0x000000000338e4f4 method=java.util.concurrent.LinkedBlockingQueue.offer(Ljava/lang/Object;)Z @ 113
Event: 341.726 Thread 0x000000001a974800 Uncommon trap: reason=unstable_if action=reinterpret pc=0x0000000003166544 method=java.awt.Component.getInputContext()Ljava/awt/im/InputContext; @ 6
Event: 341.726 Thread 0x000000001a974800 Uncommon trap: reason=unstable_if action=reinterpret pc=0x0000000003553db4 method=java.awt.Component.dispatchEventImpl(Ljava/awt/AWTEvent;)V @ 336

Classes redefined (0 events):
No events

Internal exceptions (10 events):
Event: 263.098 Thread 0x000000001a8b7800 Exception <a 'java/net/ConnectException': Connection refused: connect> (0x00000000d6bef1a0) thrown at [C:\re\workspace\8-2-build-windows-amd64-cygwin\jdk8u211\12973\hotspot\src\share\vm\prims\jni.cpp, line 736]
Event: 264.267 Thread 0x000000001a8b7800 Exception <a 'java/net/ConnectException': Connection refused: connect> (0x00000000d6bfaf90) thrown at [C:\re\workspace\8-2-build-windows-amd64-cygwin\jdk8u211\12973\hotspot\src\share\vm\prims\jni.cpp, line 736]
Event: 264.267 Thread 0x000000001a8b7800 Exception <a 'java/lang/NullPointerException'> (0x00000000d6bfb318) thrown at [C:\re\workspace\8-2-build-windows-amd64-cygwin\jdk8u211\12973\hotspot\src\share\vm\interpreter\linkResolver.cpp, line 1185]
Event: 265.311 Thread 0x000000001a8b7800 Exception <a 'java/net/ConnectException': Connection refused: connect> (0x00000000d6c313a0) thrown at [C:\re\workspace\8-2-build-windows-amd64-cygwin\jdk8u211\12973\hotspot\src\share\vm\prims\jni.cpp, line 736]
Event: 266.444 Thread 0x000000001a8b7800 Exception <a 'java/net/ConnectException': Connection refused: connect> (0x00000000d6c3d070) thrown at [C:\re\workspace\8-2-build-windows-amd64-cygwin\jdk8u211\12973\hotspot\src\share\vm\prims\jni.cpp, line 736]
Event: 266.444 Thread 0x000000001a8b7800 Exception <a 'java/lang/NullPointerException'> (0x00000000d6c3d3f8) thrown at [C:\re\workspace\8-2-build-windows-amd64-cygwin\jdk8u211\12973\hotspot\src\share\vm\interpreter\linkResolver.cpp, line 1185]
Event: 267.478 Thread 0x000000001a8b7800 Exception <a 'java/net/ConnectException': Connection refused: connect> (0x00000000d722ebc0) thrown at [C:\re\workspace\8-2-build-windows-amd64-cygwin\jdk8u211\12973\hotspot\src\share\vm\prims\jni.cpp, line 736]
Event: 268.621 Thread 0x000000001a8b7800 Exception <a 'java/net/ConnectException': Connection refused: connect> (0x00000000d73af928) thrown at [C:\re\workspace\8-2-build-windows-amd64-cygwin\jdk8u211\12973\hotspot\src\share\vm\prims\jni.cpp, line 736]
Event: 268.622 Thread 0x000000001a8b7800 Exception <a 'java/lang/NullPointerException'> (0x00000000d73afcb0) thrown at [C:\re\workspace\8-2-build-windows-amd64-cygwin\jdk8u211\12973\hotspot\src\share\vm\interpreter\linkResolver.cpp, line 1185]
Event: 341.726 Thread 0x000000001a974800 Implicit null exception at 0x0000000003551170 to 0x0000000003553d95

Events (10 events):
Event: 341.634 Thread 0x000000001a974800 DEOPT PACKING pc=0x00000000035c8043 sp=0x000000001b46c620
Event: 341.634 Thread 0x000000001a974800 DEOPT UNPACKING pc=0x0000000002a87890 sp=0x000000001b46c320 mode 0
Event: 341.726 Thread 0x000000001a974800 Uncommon trap: trap_request=0xffffff65 fr.pc=0x0000000003166544
Event: 341.726 Thread 0x000000001a974800 DEOPT PACKING pc=0x0000000003166544 sp=0x000000001b46dba0
Event: 341.726 Thread 0x000000001a974800 DEOPT UNPACKING pc=0x0000000002a8583b sp=0x000000001b46db38 mode 2
Event: 341.726 Thread 0x000000001a974800 Uncommon trap: trap_request=0xffffff65 fr.pc=0x0000000003553db4
Event: 341.726 Thread 0x000000001a974800 DEOPT PACKING pc=0x0000000003553db4 sp=0x000000001b46dcc0
Event: 341.726 Thread 0x000000001a974800 DEOPT UNPACKING pc=0x0000000002a8583b sp=0x000000001b46dca8 mode 2
Event: 343.006 Executing VM operation: ParallelGCFailedAllocation
Event: 343.009 Executing VM operation: ParallelGCFailedAllocation done


Dynamic libraries:
0x00007ff70f770000 - 0x00007ff70f7a7000 	D:\work\setup_portable\jdk1.8.0_211\bin\java.exe
0x00007ff8a1a50000 - 0x00007ff8a1c45000 	C:\WINDOWS\SYSTEM32\ntdll.dll
0x00007ff8a0830000 - 0x00007ff8a08ee000 	C:\WINDOWS\System32\KERNEL32.DLL
0x00007ff89f190000 - 0x00007ff89f458000 	C:\WINDOWS\System32\KERNELBASE.dll
0x00007ff8a0660000 - 0x00007ff8a070e000 	C:\WINDOWS\System32\ADVAPI32.dll
0x00007ff8a0d80000 - 0x00007ff8a0e1e000 	C:\WINDOWS\System32\msvcrt.dll
0x00007ff8a1860000 - 0x00007ff8a18fc000 	C:\WINDOWS\System32\sechost.dll
0x00007ff8a0bb0000 - 0x00007ff8a0cd5000 	C:\WINDOWS\System32\RPCRT4.dll
0x00007ff8a16c0000 - 0x00007ff8a1860000 	C:\WINDOWS\System32\USER32.dll
0x00007ff89f8a0000 - 0x00007ff89f8c2000 	C:\WINDOWS\System32\win32u.dll
0x00007ff8a0d40000 - 0x00007ff8a0d6b000 	C:\WINDOWS\System32\GDI32.dll
0x00007ff89f550000 - 0x00007ff89f65d000 	C:\WINDOWS\System32\gdi32full.dll
0x00007ff89f460000 - 0x00007ff89f4fd000 	C:\WINDOWS\System32\msvcp_win.dll
0x00007ff89f660000 - 0x00007ff89f760000 	C:\WINDOWS\System32\ucrtbase.dll
0x00007ff88c980000 - 0x00007ff88cc1a000 	C:\WINDOWS\WinSxS\amd64_microsoft.windows.common-controls_6595b64144ccf1df_6.0.19041.1110_none_60b5254171f9507e\COMCTL32.dll
0x00007ff8a0e30000 - 0x00007ff8a0e60000 	C:\WINDOWS\System32\IMM32.DLL
0x00000000609f0000 - 0x0000000060ac2000 	D:\work\setup_portable\jdk1.8.0_211\jre\bin\msvcr100.dll
0x0000000060140000 - 0x00000000609e5000 	D:\work\setup_portable\jdk1.8.0_211\jre\bin\server\jvm.dll
0x00007ff8a0d70000 - 0x00007ff8a0d78000 	C:\WINDOWS\System32\PSAPI.DLL
0x00007ff88b020000 - 0x00007ff88b029000 	C:\WINDOWS\SYSTEM32\WSOCK32.dll
0x00007ff898600000 - 0x00007ff89860a000 	C:\WINDOWS\SYSTEM32\VERSION.dll
0x00007ff88ae60000 - 0x00007ff88ae87000 	C:\WINDOWS\SYSTEM32\WINMM.dll
0x00007ff89fea0000 - 0x00007ff89ff0b000 	C:\WINDOWS\System32\WS2_32.dll
0x00007ff8907c0000 - 0x00007ff8907cf000 	D:\work\setup_portable\jdk1.8.0_211\jre\bin\verify.dll
0x00007ff879bc0000 - 0x00007ff879be9000 	D:\work\setup_portable\jdk1.8.0_211\jre\bin\java.dll
0x00007ff87c040000 - 0x00007ff87c056000 	D:\work\setup_portable\jdk1.8.0_211\jre\bin\zip.dll
0x00007ff89ff10000 - 0x00007ff8a0654000 	C:\WINDOWS\System32\SHELL32.dll
0x00007ff89ce40000 - 0x00007ff89d5d4000 	C:\WINDOWS\SYSTEM32\windows.storage.dll
0x00007ff89fb30000 - 0x00007ff89fe85000 	C:\WINDOWS\System32\combase.dll
0x00007ff89ebb0000 - 0x00007ff89ebde000 	C:\WINDOWS\SYSTEM32\Wldp.dll
0x00007ff8a1900000 - 0x00007ff8a19ad000 	C:\WINDOWS\System32\SHCORE.dll
0x00007ff8a0ce0000 - 0x00007ff8a0d35000 	C:\WINDOWS\System32\shlwapi.dll
0x00007ff89f0a0000 - 0x00007ff89f0bf000 	C:\WINDOWS\SYSTEM32\profapi.dll
0x00007ff84f5c0000 - 0x00007ff84f759000 	D:\work\setup_portable\jdk1.8.0_211\jre\bin\awt.dll
0x00007ff8a0ee0000 - 0x00007ff8a0fad000 	C:\WINDOWS\System32\OLEAUT32.dll
0x00007ff89c690000 - 0x00007ff89c720000 	C:\WINDOWS\SYSTEM32\apphelp.dll
0x00007ff89c780000 - 0x00007ff89c81e000 	C:\WINDOWS\system32\uxtheme.dll
0x00007ff88e510000 - 0x00007ff88e5fe000 	C:\Program Files (x86)\Stardock\Start8\Start8_64.dll
0x00007ff89a890000 - 0x00007ff89a986000 	C:\WINDOWS\SYSTEM32\PROPSYS.dll
0x00007ff8a0710000 - 0x00007ff8a0826000 	C:\WINDOWS\System32\MSCTF.dll
0x00007ff8a08f0000 - 0x00007ff8a0a1a000 	C:\WINDOWS\System32\ole32.dll
0x00007ff89d9f0000 - 0x00007ff89da02000 	C:\WINDOWS\SYSTEM32\kernel.appcore.dll
0x00007ff89f810000 - 0x00007ff89f892000 	C:\WINDOWS\System32\bcryptPrimitives.dll
0x00007ff89ca80000 - 0x00007ff89caaf000 	C:\WINDOWS\system32\DWMAPI.DLL
0x00007ff8863a0000 - 0x00007ff8864c5000 	C:\WINDOWS\system32\opengl32.dll
0x00007ff886c00000 - 0x00007ff886c2c000 	C:\WINDOWS\SYSTEM32\GLU32.dll
0x00007ff873c20000 - 0x00007ff873c69000 	D:\work\setup_portable\jdk1.8.0_211\jre\bin\fontmanager.dll
0x00007ff879a60000 - 0x00007ff879a7a000 	D:\work\setup_portable\jdk1.8.0_211\jre\bin\net.dll
0x00007ff890e30000 - 0x00007ff89101b000 	C:\WINDOWS\SYSTEM32\urlmon.dll
0x00007ff895040000 - 0x00007ff895068000 	C:\WINDOWS\SYSTEM32\srvcli.dll
0x00007ff89e5f0000 - 0x00007ff89e5fc000 	C:\WINDOWS\SYSTEM32\netutils.dll
0x00007ff890a70000 - 0x00007ff890d21000 	C:\WINDOWS\SYSTEM32\iertutil.dll
0x00007ff89e910000 - 0x00007ff89e97a000 	C:\WINDOWS\system32\mswsock.dll
0x00007ff879a40000 - 0x00007ff879a52000 	D:\work\setup_portable\jdk1.8.0_211\jre\bin\nio.dll
0x00007ff873bd0000 - 0x00007ff873c12000 	D:\work\setup_portable\jdk1.8.0_211\jre\bin\t2k.dll
0x00007ff88a230000 - 0x00007ff88a261000 	D:\work\setup_portable\jdk1.8.0_211\jre\bin\jpeg.dll
0x00007ff8a0a20000 - 0x00007ff8a0ac9000 	C:\WINDOWS\System32\clbcatq.dll
0x00007ff8986b0000 - 0x00007ff898864000 	C:\WINDOWS\SYSTEM32\WindowsCodecs.dll
0x00007ff89f160000 - 0x00007ff89f187000 	C:\WINDOWS\System32\bcrypt.dll
0x00007ff871cf0000 - 0x00007ff871d2e000 	C:\WINDOWS\system32\dataexchange.dll
0x00007ff89bb50000 - 0x00007ff89bd35000 	C:\WINDOWS\system32\dcomp.dll
0x00007ff89ac30000 - 0x00007ff89ae94000 	C:\WINDOWS\system32\d3d11.dll
0x00007ff89da10000 - 0x00007ff89db04000 	C:\WINDOWS\system32\dxgi.dll
0x00007ff898b10000 - 0x00007ff898d11000 	C:\WINDOWS\system32\twinapi.appcore.dll
0x00007ff890050000 - 0x00007ff890149000 	C:\WINDOWS\SYSTEM32\textinputframework.dll
0x00007ff89c420000 - 0x00007ff89c512000 	C:\WINDOWS\System32\CoreMessaging.dll
0x00007ff89c0c0000 - 0x00007ff89c41e000 	C:\WINDOWS\System32\CoreUIComponents.dll
0x00007ff89de40000 - 0x00007ff89de73000 	C:\WINDOWS\SYSTEM32\ntmarta.dll
0x00007ff89b9f0000 - 0x00007ff89bb44000 	C:\WINDOWS\SYSTEM32\wintypes.dll
0x00007ff89e600000 - 0x00007ff89e6cb000 	C:\WINDOWS\SYSTEM32\DNSAPI.dll
0x00007ff89e5b0000 - 0x00007ff89e5eb000 	C:\WINDOWS\SYSTEM32\IPHLPAPI.DLL
0x00007ff89fe90000 - 0x00007ff89fe98000 	C:\WINDOWS\System32\NSI.dll
0x00007ff894f30000 - 0x00007ff894f3a000 	C:\Windows\System32\rasadhlp.dll
0x00007ff892340000 - 0x00007ff8923bf000 	C:\WINDOWS\System32\fwpuclnt.dll
0x000000001e1d0000 - 0x000000001e1d3000 	C:\Users\all\.javacpp\cache\opencv-windows-x86_64.jar\org\bytedeco\javacpp\windows-x86_64\api-ms-win-crt-locale-l1-1-0.dll
0x000000001e3e0000 - 0x000000001e3e4000 	C:\Users\all\.javacpp\cache\opencv-windows-x86_64.jar\org\bytedeco\javacpp\windows-x86_64\api-ms-win-crt-string-l1-1-0.dll
0x000000001e3f0000 - 0x000000001e3f4000 	C:\Users\all\.javacpp\cache\opencv-windows-x86_64.jar\org\bytedeco\javacpp\windows-x86_64\api-ms-win-crt-stdio-l1-1-0.dll
0x000000001e400000 - 0x000000001e405000 	C:\Users\all\.javacpp\cache\opencv-windows-x86_64.jar\org\bytedeco\javacpp\windows-x86_64\api-ms-win-crt-math-l1-1-0.dll
0x000000001e410000 - 0x000000001e413000 	C:\Users\all\.javacpp\cache\opencv-windows-x86_64.jar\org\bytedeco\javacpp\windows-x86_64\api-ms-win-crt-heap-l1-1-0.dll
0x000000001e420000 - 0x000000001e424000 	C:\Users\all\.javacpp\cache\opencv-windows-x86_64.jar\org\bytedeco\javacpp\windows-x86_64\api-ms-win-crt-runtime-l1-1-0.dll
0x000000001e430000 - 0x000000001e434000 	C:\Users\all\.javacpp\cache\opencv-windows-x86_64.jar\org\bytedeco\javacpp\windows-x86_64\api-ms-win-crt-convert-l1-1-0.dll
0x000000001e440000 - 0x000000001e443000 	C:\Users\all\.javacpp\cache\opencv-windows-x86_64.jar\org\bytedeco\javacpp\windows-x86_64\api-ms-win-crt-environment-l1-1-0.dll
0x000000001e450000 - 0x000000001e453000 	C:\Users\all\.javacpp\cache\opencv-windows-x86_64.jar\org\bytedeco\javacpp\windows-x86_64\api-ms-win-crt-time-l1-1-0.dll
0x000000001e460000 - 0x000000001e463000 	C:\Users\all\.javacpp\cache\opencv-windows-x86_64.jar\org\bytedeco\javacpp\windows-x86_64\api-ms-win-crt-filesystem-l1-1-0.dll
0x000000001e470000 - 0x000000001e473000 	C:\Users\all\.javacpp\cache\opencv-windows-x86_64.jar\org\bytedeco\javacpp\windows-x86_64\api-ms-win-crt-utility-l1-1-0.dll
0x000000001e480000 - 0x000000001e485000 	C:\Users\all\.javacpp\cache\opencv-windows-x86_64.jar\org\bytedeco\javacpp\windows-x86_64\api-ms-win-crt-multibyte-l1-1-0.dll
0x00007ff89a480000 - 0x00007ff89a497000 	C:\Users\all\.javacpp\cache\opencv-windows-x86_64.jar\org\bytedeco\javacpp\windows-x86_64\vcruntime140.dll
0x00007ff87d630000 - 0x00007ff87d6cd000 	C:\Users\all\.javacpp\cache\opencv-windows-x86_64.jar\org\bytedeco\javacpp\windows-x86_64\msvcp140.dll
0x00007ff87d5d0000 - 0x00007ff87d621000 	C:\Users\all\.javacpp\cache\opencv-windows-x86_64.jar\org\bytedeco\javacpp\windows-x86_64\concrt140.dll
0x00007ff87d5a0000 - 0x00007ff87d5ce000 	C:\Users\all\.javacpp\cache\opencv-windows-x86_64.jar\org\bytedeco\javacpp\windows-x86_64\vcomp140.dll
0x00007ff84f2b0000 - 0x00007ff84f5b7000 	C:\Users\all\.javacpp\cache\opencv-windows-x86_64.jar\org\bytedeco\javacpp\windows-x86_64\opencv_core343.dll
0x00007ff84ea30000 - 0x00007ff84ee4c000 	C:\Users\all\.javacpp\cache\opencv-windows-x86_64.jar\org\bytedeco\javacpp\windows-x86_64\opencv_imgproc343.dll
0x00007ff84e680000 - 0x00007ff84ea2a000 	C:\Users\all\.javacpp\cache\opencv-windows-x86_64.jar\org\bytedeco\javacpp\windows-x86_64\jniopencv_core.dll
0x00007ff877bb0000 - 0x00007ff877d08000 	C:\Users\all\.javacpp\cache\opencv-windows-x86_64.jar\org\bytedeco\javacpp\windows-x86_64\jniopencv_imgproc.dll
0x00007ff87d570000 - 0x00007ff87d59a000 	C:\Users\all\.javacpp\cache\opencv-windows-x86_64.jar\org\bytedeco\javacpp\windows-x86_64\opencv_plot343.dll
0x00007ff89a3f0000 - 0x00007ff89a405000 	C:\Users\all\.javacpp\cache\opencv-windows-x86_64.jar\org\bytedeco\javacpp\windows-x86_64\jniopencv_plot.dll
0x00007ff87d4e0000 - 0x00007ff87d562000 	C:\Users\all\.javacpp\cache\opencv-windows-x86_64.jar\org\bytedeco\javacpp\windows-x86_64\opencv_video343.dll
0x00007ff873b50000 - 0x00007ff873b9e000 	C:\Users\all\.javacpp\cache\opencv-windows-x86_64.jar\org\bytedeco\javacpp\windows-x86_64\jniopencv_video.dll
0x00007ff84dfb0000 - 0x00007ff84e451000 	C:\Users\all\.javacpp\cache\opencv-windows-x86_64.jar\org\bytedeco\javacpp\windows-x86_64\opencv_dnn343.dll
0x00007ff86b190000 - 0x00007ff86b220000 	C:\Users\all\.javacpp\cache\opencv-windows-x86_64.jar\org\bytedeco\javacpp\windows-x86_64\jniopencv_dnn.dll
0x00007ff84dd40000 - 0x00007ff84dfac000 	C:\Users\all\.javacpp\cache\opencv-windows-x86_64.jar\org\bytedeco\javacpp\windows-x86_64\opencv_tracking343.dll
0x00007ff86b100000 - 0x00007ff86b185000 	C:\Users\all\.javacpp\cache\opencv-windows-x86_64.jar\org\bytedeco\javacpp\windows-x86_64\jniopencv_tracking.dll
0x00007ff86b060000 - 0x00007ff86b0fd000 	C:\Users\all\.javacpp\cache\opencv-windows-x86_64.jar\org\bytedeco\javacpp\windows-x86_64\opencv_objdetect343.dll
0x00007ff84f960000 - 0x00007ff84f9dc000 	C:\Users\all\.javacpp\cache\opencv-windows-x86_64.jar\org\bytedeco\javacpp\windows-x86_64\jniopencv_objdetect.dll
0x00007ff84f1b0000 - 0x00007ff84f2a7000 	C:\Users\all\.javacpp\cache\opencv-windows-x86_64.jar\org\bytedeco\javacpp\windows-x86_64\opencv_photo343.dll
0x00007ff863db0000 - 0x00007ff863e03000 	C:\Users\all\.javacpp\cache\opencv-windows-x86_64.jar\org\bytedeco\javacpp\windows-x86_64\jniopencv_photo.dll
0x00007ff84f0d0000 - 0x00007ff84f1aa000 	C:\Users\all\.javacpp\cache\opencv-windows-x86_64.jar\org\bytedeco\javacpp\windows-x86_64\opencv_face343.dll
0x00007ff84e620000 - 0x00007ff84e672000 	C:\Users\all\.javacpp\cache\opencv-windows-x86_64.jar\org\bytedeco\javacpp\windows-x86_64\jniopencv_face.dll
0x00007ff84da50000 - 0x00007ff84dd34000 	C:\Users\all\.javacpp\cache\opencv-windows-x86_64.jar\org\bytedeco\javacpp\windows-x86_64\opencv_imgcodecs343.dll
0x00007ff89a440000 - 0x00007ff89a474000 	C:\Users\all\.javacpp\cache\opencv-windows-x86_64.jar\org\bytedeco\javacpp\windows-x86_64\jniopencv_imgcodecs.dll
0x00007ff84fa50000 - 0x00007ff84fad4000 	C:\Users\all\.javacpp\cache\opencv-windows-x86_64.jar\org\bytedeco\javacpp\windows-x86_64\opencv_videoio343.dll
0x00007ff89a410000 - 0x00007ff89a43b000 	C:\WINDOWS\SYSTEM32\MSVFW32.dll
0x00007ff86b030000 - 0x00007ff86b051000 	C:\WINDOWS\SYSTEM32\AVIFIL32.dll
0x00007ff8786f0000 - 0x00007ff878709000 	C:\WINDOWS\SYSTEM32\AVICAP32.dll
0x00007ff899990000 - 0x00007ff899a14000 	C:\WINDOWS\SYSTEM32\MF.dll
0x00007ff8988a0000 - 0x00007ff898a5c000 	C:\WINDOWS\SYSTEM32\MFPlat.DLL
0x00007ff8864d0000 - 0x00007ff8865da000 	C:\WINDOWS\SYSTEM32\MFReadWrite.dll
0x00007ff89f500000 - 0x00007ff89f54e000 	C:\WINDOWS\System32\cfgmgr32.dll
0x00007ff877b50000 - 0x00007ff877b6e000 	C:\WINDOWS\SYSTEM32\MSACM32.dll
0x00007ff86e250000 - 0x00007ff86e276000 	C:\WINDOWS\SYSTEM32\winmmbase.dll
0x00007ff8991b0000 - 0x00007ff899641000 	C:\WINDOWS\SYSTEM32\MFCORE.DLL
0x00007ff89f940000 - 0x00007ff89fa96000 	C:\WINDOWS\System32\CRYPT32.dll
0x00007ff89e720000 - 0x00007ff89e76b000 	C:\WINDOWS\SYSTEM32\powrprof.dll
0x00007ff899830000 - 0x00007ff899839000 	C:\WINDOWS\SYSTEM32\ksuser.dll
0x00007ff89eb20000 - 0x00007ff89eb2c000 	C:\WINDOWS\SYSTEM32\CRYPTBASE.DLL
0x00007ff898520000 - 0x00007ff898556000 	C:\WINDOWS\SYSTEM32\RTWorkQ.DLL
0x00007ff89e590000 - 0x00007ff89e5a2000 	C:\WINDOWS\SYSTEM32\UMPDC.dll
0x00007ff872da0000 - 0x00007ff872dbf000 	C:\Users\all\.javacpp\cache\opencv-windows-x86_64.jar\org\bytedeco\javacpp\windows-x86_64\jniopencv_videoio.dll

VM Arguments:
jvm_args: -Dfile.encoding=UTF-8 
java_command: com.gui.Login
java_class_path (initial): D:\work\project\FacePlayer_python\netbeans-code\lib\SwingHelper.jar;D:\work\project\FacePlayer_python\netbeans-code\lib\commons-beanutils-1.7.0.jar;D:\work\project\FacePlayer_python\netbeans-code\lib\commons-collections-3.1.jar;D:\work\project\FacePlayer_python\netbeans-code\lib\commons-dbcp-1.4.jar;D:\work\project\FacePlayer_python\netbeans-code\lib\commons-dbutils-1.4.jar;D:\work\project\FacePlayer_python\netbeans-code\lib\commons-fileupload-1.2.1.jar;D:\work\project\FacePlayer_python\netbeans-code\lib\commons-io-1.3.2.jar;D:\work\project\FacePlayer_python\netbeans-code\lib\commons-lang-2.3.jar;D:\work\project\FacePlayer_python\netbeans-code\lib\commons-lang3-3.1.jar;D:\work\project\FacePlayer_python\netbeans-code\lib\commons-logging-1.1.1.jar;D:\work\project\FacePlayer_python\netbeans-code\lib\commons-net-3.3.jar;D:\work\project\FacePlayer_python\netbeans-code\lib\java-json.jar;D:\work\project\FacePlayer_python\netbeans-code\lib\jcommon-1.0.21.jar;D:\work\project\FacePlayer_python\netbeans-code\lib\jdatepicker-1.3.4.jar;D:\work\project\FacePlayer_python\netbeans-code\lib\jfreechart-1.0.14.jar;D:\work\project\FacePlayer_python\netbeans-code\lib\jsoup-1.11.3.jar;D:\work\project\FacePlayer_python\netbeans-code\lib\libsvm.jar;D:\work\project\FacePlayer_python\netbeans-code\lib\mysql-connector-java-5.1.9.jar;D:\work\project\FacePlayer_python\netbeans-code\lib\weka-3.5.6.jar;D:\work\project\FacePlayer_python\netbeans-code\javacv-platform-1.4.3-bin-windows\javacv-bin\artoolkitplus-platform.jar;D:\work\project\FacePlayer_python\netbeans-code\javacv-platform-1.4.3-bin-windows\javacv-bin\artoolkitplus-windows-x86.jar;D:\work\project\FacePlayer_python\netbeans-code\javacv-platform-1.4.3-bin-windows\javacv-bin\artoolkitplus-windows-x86_64.jar;D:\work\project\FacePlayer_python\netbeans-code\javacv-platform-1.4.3-bin-windows\javacv-bin\artoolkitplus.jar;D:\work\project\FacePlayer_python\netbeans-code\javacv-platform-1.4.3-bin-windows\javacv-bin\ffm
Launcher Type: SUN_STANDARD

Environment Variables:
JAVA_HOME=C:\Program Files\Java\jdk-13.0.2
PATH=C:\Python37;C:\Python37\Lib;C:\Python37\DLLs;C:\Python37\Lib\lib-tk;C:\Python37\Scripts;D:\Vmware\bin\;D:\work\setup_portable\jdk1.8.0_211\bin;D:\work\setup_portable\jdk1.8.0_211\bin;D:\Python\Scripts\;D:\Python\;C:\Program Files (x86)\Intel\iCLS Client\;C:\Program Files\Intel\iCLS Client\;C:\Windows\system32;C:\Windows;C:\Windows\System32\Wbem;C:\Windows\System32\WindowsPowerShell\v1.0\;C:\Program Files (x86)\Intel\Intel(R) Management Engine Components\DAL;C:\Program Files\Intel\Intel(R) Management Engine Components\DAL;C:\Program Files (x86)\Intel\Intel(R) Management Engine Components\IPT;C:\Program Files\Intel\Intel(R) Management Engine Components\IPT;C:\Program Files (x86)\NVIDIA Corporation\PhysX\Common;C:\WINDOWS\system32;C:\WINDOWS;C:\WINDOWS\System32\Wbem;C:\WINDOWS\System32\WindowsPowerShell\v1.0\;C:\WINDOWS\System32\OpenSSH\;C:\Program Files\Java\jdk-13.0.2\bin;D:\Postgres\bin;D:\Postgres\lib;D:\downloads\php-7.4.11;C:\Users\all\AppData\Local\Microsoft\WindowsApps;C:\Modeltech_pe_edu_10.4a\win32pe_e;C:\Users\all\AppData\Local\Microsoft\WindowsApps;;C:\Modeltech_pe_edu_10.4a\win32pe_edu;C:\Users\all\AppData\Local\Programs\Microsoft VS Code\bin
USERNAME=Sanap Yogesh
OS=Windows_NT
PROCESSOR_IDENTIFIER=Intel64 Family 6 Model 158 Stepping 9, GenuineIntel



---------------  S Y S T E M  ---------------

OS: Windows 10.0 , 64 bit Build 19041 (10.0.19041.1503)

CPU:total 8 (initial active 8) (4 cores per cpu, 2 threads per core) family 6 model 158 stepping 9, cmov, cx8, fxsr, mmx, sse, sse2, sse3, ssse3, sse4.1, sse4.2, popcnt, avx, avx2, aes, clmul, erms, 3dnowpref, lzcnt, ht, tsc, tscinvbit, bmi1, bmi2, adx

Memory: 4k page, physical 8247248k(2209620k free), swap 11505616k(3005192k free)

vm_info: Java HotSpot(TM) 64-Bit Server VM (25.211-b12) for windows-amd64 JRE (1.8.0_211-b12), built on Apr  1 2019 20:53:26 by "java_re" with MS VC++ 10.0 (VS2010)

time: Wed Mar 09 18:29:52 2022
timezone: India Standard Time
elapsed time: 345 seconds (0d 0h 5m 45s)

